0	1	mikroc8051.exe -MSF -DBG -pAT89S8253 -ES -DL -O11111114 -fo10 -N"D:\Workspaces\MikroC\connectfour\connectfour.mcp51" -SP"D:\Programs\MikroC\mikroC PRO for 8051\defs\" -SP"D:\Workspaces\MikroC\connectfour\" -SP"D:\Programs\MikroC\mikroC PRO for 8051\Uses\ATMEL\" -SP"C:\Users\Dejan\Documents\connectfour\" -SP"C:\Users\djekanovic\Documents\Mikroelektronika\mikroC PRO for 8051\defs\" -SP"C:\Users\djekanovic\Documents\MikroC\connectfour\" -SP"C:\Users\djekanovic\Documents\Mikroelektronika\mikroC PRO for 8051\Uses\ATMEL\" -IP"C:\Users\djekanovic\Documents\MikroC\connectfour\" -IP"C:\Users\Dejan\Documents\connectfour\" -IP"D:\Workspaces\MikroC\connectfour\" "display.c" "graphics.c" "keypad.c" "main.c" "connectfour.c" "__Lib_Math.mcl" "__Lib_MathDouble.mcl" "__Lib_System.mcl" "__Lib_Delays.mcl" "__Lib_EEPROM_rwb.mcl" "__Lib_SPI_SPCR.mcl" "__Lib_UART_Timer1.mcl" "__Lib_CType.mcl" "__Lib_CString.mcl" "__Lib_CStdlib.mcl" "__Lib_CMath.mcl" "__Lib_Conversions.mcl" "__Lib_Sprintf.mcl" "__Lib_PrintOut.mcl" "__Lib_Sprinti.mcl" "__Lib_Sprintl.mcl" "__Lib_Time.mcl" "__Lib_Trigonometry.mcl" "__Lib_Button.mcl" "__Lib_Keypad4x4.mcl" "__Lib_Manchester.mcl" "__Lib_OneWire.mcl" "__Lib_PS2.mcl" "__Lib_Sound.mcl" "__Lib_SoftI2C.mcl" "__Lib_SoftSPI.mcl" "__Lib_SoftUART.mcl" "__Lib_PortExpander.mcl" "__Lib_CANSPI.mcl" "__Lib_GlcdFonts.mcl" "__Lib_Glcd.mcl" "__Lib_LcdConsts.mcl" "__Lib_Lcd.mcl" "__Lib_RS485.mcl" "__Lib_T6963C.mcl" "__Lib_SPIGlcd.mcl" "__Lib_SPILcd.mcl" "__Lib_SPILcd8.mcl" "__Lib_SPIT6963C.mcl" "__Lib_EthEnc28j60.mcl"	 
warning: 0	1501	Specified search path does not exist: 'C:\Users\djekanovic\Documents\Mikroelektronika\mikroC PRO for 8051\defs'	 
warning: 0	1501	Specified search path does not exist: 'C:\Users\djekanovic\Documents\MikroC\connectfour'	 
warning: 0	1501	Specified search path does not exist: 'C:\Users\djekanovic\Documents\Mikroelektronika\mikroC PRO for 8051\Uses\ATMEL'	 
warning: 0	1502	Specified include path does not exist: 'C:\Users\djekanovic\Documents\MikroC\connectfour'	 
diagnostics: 0	122	Compilation Started	display.h
hint: 0	1004	interrupt handler (refresh_display at 0x000B)	display.c
diagnostics: 54	123	Compiled Successfully	display.c
diagnostics: 0	122	Compilation Started	graphics.h
diagnostics: 63	123	Compiled Successfully	graphics.c
diagnostics: 0	122	Compilation Started	keypad.h
diagnostics: 21	123	Compiled Successfully	keypad.c
diagnostics: 0	122	Compilation Started	keypad.h
diagnostics: 29	123	Compiled Successfully	main.c
diagnostics: 0	122	Compilation Started	connectfour.h
diagnostics: 58	123	Compiled Successfully	connectfour.c
diagnostics: 0	127	All files Compiled in 172 ms	 
hint: 0	1144	Used BDATA RAM (bytes): 0 (1%) Free BDATA RAM (bytes): 16 (99%)	Used BDATA RAM (bytes): 0 (1%) Free BDATA RAM (bytes): 16 (99%)
hint: 0	1144	Used DATA RAM (bytes): 93 (89%) Free DATA RAM (bytes): 11 (11%)	Used DATA RAM (bytes): 93 (89%) Free DATA RAM (bytes): 11 (11%)
hint: 0	1144	Used IDATA RAM (bytes): 0 (1%) Free IDATA RAM (bytes): 128 (99%)	Used IDATA RAM (bytes): 0 (1%) Free IDATA RAM (bytes): 128 (99%)
hint: 0	1144	Used ROM (bytes): 1017 (8%)  Free ROM (bytes): 11271 (92%)	Used ROM (bytes): 1017 (8%)  Free ROM (bytes): 11271 (92%)
diagnostics: 0	125	Project Linked Successfully	connectfour.mcp51
diagnostics: 0	128	Linked in 47 ms	 
diagnostics: 0	129	Project 'connectfour.mcp51' completed: 250 ms	 
diagnostics: 0	103	Finished successfully: 29 Jun 2017, 17:48:20	connectfour.mcp51
